c:\users\okashnik_i5\documents\внту\ос_курсова\os_metod\x64\debug\vc142.pdb
c:\users\okashnik_i5\documents\внту\ос_курсова\os_metod\x64\debug\.netframework,version=v4.7.2.assemblyattributes.obj
c:\users\okashnik_i5\documents\внту\ос_курсова\os_metod\x64\debug\frmmain.obj
c:\users\okashnik_i5\documents\внту\ос_курсова\os_metod\x64\debug\frmabout.obj
c:\users\okashnik_i5\documents\внту\ос_курсова\os_metod\x64\debug\bubblesort.obj
c:\users\okashnik_i5\documents\внту\ос_курсова\os_metod\x64\debug\os_metod.exe
c:\users\okashnik_i5\documents\внту\ос_курсова\os_metod\x64\debug\os_metod.pdb
c:\users\okashnik_i5\documents\внту\ос_курсова\os_metod\x64\debug\osmetod.frmabout.resources
c:\users\okashnik_i5\documents\внту\ос_курсова\os_metod\x64\debug\osmetod.frmmain.resources
c:\users\okashnik_i5\documents\внту\ос_курсова\os_metod\x64\debug\os_metod.res
c:\users\okashnik_i5\documents\внту\ос_курсова\os_metod\x64\debug\resource.res
c:\users\okashnik_i5\documents\внту\ос_курсова\os_metod\x64\debug\os_metod.exe.metagen
c:\users\okashnik_i5\documents\внту\ос_курсова\os_metod\x64\debug\os_metod.tlog\cl.command.1.tlog
c:\users\okashnik_i5\documents\внту\ос_курсова\os_metod\x64\debug\os_metod.tlog\cl.read.1.tlog
c:\users\okashnik_i5\documents\внту\ос_курсова\os_metod\x64\debug\os_metod.tlog\cl.write.1.tlog
c:\users\okashnik_i5\documents\внту\ос_курсова\os_metod\x64\debug\os_metod.tlog\link.command.1.tlog
c:\users\okashnik_i5\documents\внту\ос_курсова\os_metod\x64\debug\os_metod.tlog\link.read.1.tlog
c:\users\okashnik_i5\documents\внту\ос_курсова\os_metod\x64\debug\os_metod.tlog\link.write.1.tlog
c:\users\okashnik_i5\documents\внту\ос_курсова\os_metod\x64\debug\os_metod.tlog\metagen.read.1.tlog
c:\users\okashnik_i5\documents\внту\ос_курсова\os_metod\x64\debug\os_metod.tlog\metagen.write.1.tlog
c:\users\okashnik_i5\documents\внту\ос_курсова\os_metod\x64\debug\os_metod.tlog\os_metod.write.1u.tlog
c:\users\okashnik_i5\documents\внту\ос_курсова\os_metod\x64\debug\os_metod.tlog\rc.command.1.tlog
c:\users\okashnik_i5\documents\внту\ос_курсова\os_metod\x64\debug\os_metod.tlog\rc.read.1.tlog
c:\users\okashnik_i5\documents\внту\ос_курсова\os_metod\x64\debug\os_metod.tlog\rc.write.1.tlog
